2021-03-27T15:49:46.713Z error [server error]:

 	TypeError: Converting circular structure to JSON
    --> starting at object with constructor 'NativeTopology'
    |     property 's' -> object with constructor 'Object'
    |     property 'sessionPool' -> object with constructor 'ServerSessionPool'
    --- property 'topology' closes the circle
    at JSON.stringify (<anonymous>)
    at stringify (E:\project\course-management\server\node_modules\express\lib\response.js:1123:12)
    at ServerResponse.json (E:\project\course-management\server\node_modules\express\lib\response.js:260:14)
    at getData (E:\project\course-management\server\app\controller\course.js:21:41)
    at async E:\project\course-management\server\utils\async.js:5:5 



2021-03-27T15:49:48.535Z error [server error]:

 	TypeError: Converting circular structure to JSON
    --> starting at object with constructor 'NativeTopology'
    |     property 's' -> object with constructor 'Object'
    |     property 'sessionPool' -> object with constructor 'ServerSessionPool'
    --- property 'topology' closes the circle
    at JSON.stringify (<anonymous>)
    at stringify (E:\project\course-management\server\node_modules\express\lib\response.js:1123:12)
    at ServerResponse.json (E:\project\course-management\server\node_modules\express\lib\response.js:260:14)
    at getData (E:\project\course-management\server\app\controller\course.js:21:41)
    at async E:\project\course-management\server\utils\async.js:5:5 



2021-03-27T15:50:39.673Z error [server error]:

 	TypeError: Converting circular structure to JSON
    --> starting at object with constructor 'NativeTopology'
    |     property 's' -> object with constructor 'Object'
    |     property 'sessionPool' -> object with constructor 'ServerSessionPool'
    --- property 'topology' closes the circle
    at JSON.stringify (<anonymous>)
    at stringify (E:\project\course-management\server\node_modules\express\lib\response.js:1123:12)
    at ServerResponse.json (E:\project\course-management\server\node_modules\express\lib\response.js:260:14)
    at getData (E:\project\course-management\server\app\controller\course.js:21:41)
    at async E:\project\course-management\server\utils\async.js:5:5 



2021-03-27T15:50:41.852Z error [server error]:

 	TypeError: Converting circular structure to JSON
    --> starting at object with constructor 'NativeTopology'
    |     property 's' -> object with constructor 'Object'
    |     property 'sessionPool' -> object with constructor 'ServerSessionPool'
    --- property 'topology' closes the circle
    at JSON.stringify (<anonymous>)
    at stringify (E:\project\course-management\server\node_modules\express\lib\response.js:1123:12)
    at ServerResponse.json (E:\project\course-management\server\node_modules\express\lib\response.js:260:14)
    at getData (E:\project\course-management\server\app\controller\course.js:21:41)
    at async E:\project\course-management\server\utils\async.js:5:5 



2021-03-27T15:52:44.479Z error [server error]:

 	TypeError: Converting circular structure to JSON
    --> starting at object with constructor 'NativeTopology'
    |     property 's' -> object with constructor 'Object'
    |     property 'sessionPool' -> object with constructor 'ServerSessionPool'
    --- property 'topology' closes the circle
    at JSON.stringify (<anonymous>)
    at stringify (E:\project\course-management\server\node_modules\express\lib\response.js:1123:12)
    at ServerResponse.json (E:\project\course-management\server\node_modules\express\lib\response.js:260:14)
    at getData (E:\project\course-management\server\app\controller\course.js:23:7)
    at processTicksAndRejections (internal/process/task_queues.js:93:5)
    at async E:\project\course-management\server\utils\async.js:5:5 



2021-03-27T15:53:31.162Z error [server error]:

 	TypeError: Converting circular structure to JSON
    --> starting at object with constructor 'NativeTopology'
    |     property 's' -> object with constructor 'Object'
    |     property 'sessionPool' -> object with constructor 'ServerSessionPool'
    --- property 'topology' closes the circle
    at JSON.stringify (<anonymous>)
    at stringify (E:\project\course-management\server\node_modules\express\lib\response.js:1123:12)
    at ServerResponse.json (E:\project\course-management\server\node_modules\express\lib\response.js:260:14)
    at getData (E:\project\course-management\server\app\controller\course.js:24:7)
    at async E:\project\course-management\server\utils\async.js:5:5 



2021-03-27T15:54:03.700Z error [server error]:

 	TypeError: Converting circular structure to JSON
    --> starting at object with constructor 'NativeTopology'
    |     property 's' -> object with constructor 'Object'
    |     property 'sessionPool' -> object with constructor 'ServerSessionPool'
    --- property 'topology' closes the circle
    at JSON.stringify (<anonymous>)
    at stringify (E:\project\course-management\server\node_modules\express\lib\response.js:1123:12)
    at ServerResponse.json (E:\project\course-management\server\node_modules\express\lib\response.js:260:14)
    at getData (E:\project\course-management\server\app\controller\course.js:24:7)
    at async E:\project\course-management\server\utils\async.js:5:5 



