2021-03-29T16:22:23.169Z error [connectWithMongodb]:

 	MongoServerSelectionError: connect ECONNREFUSED 127.0.0.1:27017 



2021-03-29T16:27:26.357Z error [server error]:

 	TypeError: Cannot read property 'collection' of undefined
    at /home/anik/Project/course-management/server/app/model/course.js:28:32
    at /home/anik/Project/course-management/server/utils/async.js:15:18
    at getData (/home/anik/Project/course-management/server/app/controller/course.js:22:18)
    at /home/anik/Project/course-management/server/utils/async.js:5:11
    at Layer.handle [as handle_request] (/home/anik/Project/course-management/server/node_modules/express/lib/router/layer.js:95:5)
    at next (/home/anik/Project/course-management/server/node_modules/express/lib/router/route.js:137:13)
    at checkValidation (/home/anik/Project/course-management/server/middleware/checkValidation.js:19:3)
    at Layer.handle [as handle_request] (/home/anik/Project/course-management/server/node_modules/express/lib/router/layer.js:95:5)
    at next (/home/anik/Project/course-management/server/node_modules/express/lib/router/route.js:137:13)
    at /home/anik/Project/course-management/server/middleware/authTokenValidation.js:18:5 



2021-03-29T16:27:28.619Z error [server error]:

 	TypeError: Cannot read property 'collection' of undefined
    at /home/anik/Project/course-management/server/app/model/course.js:28:32
    at /home/anik/Project/course-management/server/utils/async.js:15:18
    at getData (/home/anik/Project/course-management/server/app/controller/course.js:22:18)
    at /home/anik/Project/course-management/server/utils/async.js:5:11
    at Layer.handle [as handle_request] (/home/anik/Project/course-management/server/node_modules/express/lib/router/layer.js:95:5)
    at next (/home/anik/Project/course-management/server/node_modules/express/lib/router/route.js:137:13)
    at checkValidation (/home/anik/Project/course-management/server/middleware/checkValidation.js:19:3)
    at Layer.handle [as handle_request] (/home/anik/Project/course-management/server/node_modules/express/lib/router/layer.js:95:5)
    at next (/home/anik/Project/course-management/server/node_modules/express/lib/router/route.js:137:13)
    at /home/anik/Project/course-management/server/middleware/authTokenValidation.js:18:5 



2021-03-29T16:27:37.173Z error [server error]:

 	TypeError: Cannot read property 'collection' of undefined
    at /home/anik/Project/course-management/server/app/model/course.js:28:32
    at /home/anik/Project/course-management/server/utils/async.js:15:18
    at getData (/home/anik/Project/course-management/server/app/controller/course.js:22:18)
    at /home/anik/Project/course-management/server/utils/async.js:5:11
    at Layer.handle [as handle_request] (/home/anik/Project/course-management/server/node_modules/express/lib/router/layer.js:95:5)
    at next (/home/anik/Project/course-management/server/node_modules/express/lib/router/route.js:137:13)
    at checkValidation (/home/anik/Project/course-management/server/middleware/checkValidation.js:19:3)
    at Layer.handle [as handle_request] (/home/anik/Project/course-management/server/node_modules/express/lib/router/layer.js:95:5)
    at next (/home/anik/Project/course-management/server/node_modules/express/lib/router/route.js:137:13)
    at /home/anik/Project/course-management/server/middleware/authTokenValidation.js:18:5 



2021-03-29T16:27:40.408Z error [server error]:

 	TypeError: Cannot read property 'collection' of undefined
    at /home/anik/Project/course-management/server/app/model/course.js:28:32
    at /home/anik/Project/course-management/server/utils/async.js:15:18
    at getData (/home/anik/Project/course-management/server/app/controller/course.js:22:18)
    at /home/anik/Project/course-management/server/utils/async.js:5:11
    at Layer.handle [as handle_request] (/home/anik/Project/course-management/server/node_modules/express/lib/router/layer.js:95:5)
    at next (/home/anik/Project/course-management/server/node_modules/express/lib/router/route.js:137:13)
    at checkValidation (/home/anik/Project/course-management/server/middleware/checkValidation.js:19:3)
    at Layer.handle [as handle_request] (/home/anik/Project/course-management/server/node_modules/express/lib/router/layer.js:95:5)
    at next (/home/anik/Project/course-management/server/node_modules/express/lib/router/route.js:137:13)
    at /home/anik/Project/course-management/server/middleware/authTokenValidation.js:18:5 



2021-03-29T16:28:36.100Z error [connectWithMongodb]:

 	MongoServerSelectionError: connect ECONNREFUSED 127.0.0.1:27017 



2021-03-29T16:58:23.932Z error [server error]:

 	TypeError: Cannot read property 'collection' of undefined
    at /home/anik/Project/course-management/server/app/model/course.js:28:32
    at /home/anik/Project/course-management/server/utils/async.js:15:18
    at getData (/home/anik/Project/course-management/server/app/controller/course.js:22:18)
    at /home/anik/Project/course-management/server/utils/async.js:5:11
    at Layer.handle [as handle_request] (/home/anik/Project/course-management/server/node_modules/express/lib/router/layer.js:95:5)
    at next (/home/anik/Project/course-management/server/node_modules/express/lib/router/route.js:137:13)
    at checkValidation (/home/anik/Project/course-management/server/middleware/checkValidation.js:19:3)
    at Layer.handle [as handle_request] (/home/anik/Project/course-management/server/node_modules/express/lib/router/layer.js:95:5)
    at next (/home/anik/Project/course-management/server/node_modules/express/lib/router/route.js:137:13)
    at /home/anik/Project/course-management/server/middleware/authTokenValidation.js:18:5 



